0 info it worked if it ends with ok
1 verbose cli [ 'C:\\Program Files\\nodejs\\node.exe',
1 verbose cli   'C:\\Users\\Abide Masaraure\\AppData\\Roaming\\npm\\node_modules\\npm\\bin\\npm-cli.js',
1 verbose cli   'start' ]
2 info using npm@3.9.5
3 info using node@v7.0.0
4 verbose run-script [ 'prestart', 'start', 'poststart' ]
5 info lifecycle ASP.NET@1.0.0~prestart: ASP.NET@1.0.0
6 silly lifecycle ASP.NET@1.0.0~prestart: no script for prestart, continuing
7 info lifecycle ASP.NET@1.0.0~start: ASP.NET@1.0.0
8 verbose lifecycle ASP.NET@1.0.0~start: unsafe-perm in lifecycle true
9 verbose lifecycle ASP.NET@1.0.0~start: PATH: C:\Users\Abide Masaraure\AppData\Roaming\npm\node_modules\npm\bin\node-gyp-bin;c:\example\node_modules\.bin;C:\Program Files\nodejs;C:\Python27\Scripts;C:\Python27\;C:\ProgramData\Oracle\Java\javapath;C:\WINDOWS\system32;C:\WINDOWS;C:\WINDOWS\System32\Wbem;C:\WINDOWS\System32\WindowsPowerShell\v1.0\;C:\Program Files (x86)\Windows Kits\8.1\Windows Performance Toolkit\;C:\Program Files\Microsoft SQL Server\110\Tools\Binn\;C:\Program Files (x86)\Microsoft SDKs\TypeScript\2.0\;C:\Program Files\Microsoft SQL Server\120\Tools\Binn\;C:\Program Files\Git\cmd;C:\Program Files (x86)\Microsoft SQL Server\Client SDK\ODBC\110\Tools\Binn\;C:\Program Files (x86)\Microsoft SQL Server\120\Tools\Binn\;C:\Program Files (x86)\Microsoft SQL Server\120\DTS\Binn\;C:\Program Files (x86)\Microsoft SQL Server\120\Tools\Binn\ManagementStudio\;C:\Program Files\Microsoft\Web Platform Installer\;C:\Program Files (x86)\GitExtensions\;C:\Program Files\erl7.0\bin;C:\Program Files (x86)\Elixir\bin;C:\Users\Abide Masaraure\AppData\Roaming\npm\node_modules\ember-cli\bin;C:\Program Files (x86)\Skype\Phone\;C:\Program Files (x86)\PharosSystems\Core;C:\Program Files\Microsoft SQL Server\130\Tools\Binn\;C:\Program Files (x86)\GtkSharp\2.12\bin;C:\Program Files\dotnet\;C:\Program Files (x86)\Yarn\bin;C:\Program Files\nodejs\;C:\Users\Abide Masaraure\.dnx\bin;C:\Users\Abide Masaraure\AppData\Local\atom\bin;C:\Program Files (x86)\Microsoft VS Code\bin;C:\Users\Abide Masaraure\AppData\Local\.meteor\;C:\Python27;C:\Users\Abide Masaraure\AppData\Local\Microsoft\WindowsApps;C:\PMLRC5\Phoenix\Phoenix_LMS\Phoenix.Web\node_modules\.bin;C:\Users\Abide Masaraure\AppData\Local\Yarn\.bin;C:\Users\Abide Masaraure\AppData\Roaming\npm
10 verbose lifecycle ASP.NET@1.0.0~start: CWD: c:\example
11 silly lifecycle ASP.NET@1.0.0~start: Args: [ '/d /s /c', 'http-server -p 8900' ]
12 silly lifecycle ASP.NET@1.0.0~start: Returned: code: 1  signal: null
13 info lifecycle ASP.NET@1.0.0~start: Failed to exec start script
14 verbose stack Error: ASP.NET@1.0.0 start: `http-server -p 8900`
14 verbose stack Exit status 1
14 verbose stack     at EventEmitter.<anonymous> (C:\Users\Abide Masaraure\AppData\Roaming\npm\node_modules\npm\lib\utils\lifecycle.js:245:16)
14 verbose stack     at emitTwo (events.js:106:13)
14 verbose stack     at EventEmitter.emit (events.js:191:7)
14 verbose stack     at ChildProcess.<anonymous> (C:\Users\Abide Masaraure\AppData\Roaming\npm\node_modules\npm\lib\utils\spawn.js:24:14)
14 verbose stack     at emitTwo (events.js:106:13)
14 verbose stack     at ChildProcess.emit (events.js:191:7)
14 verbose stack     at maybeClose (internal/child_process.js:877:16)
14 verbose stack     at Process.ChildProcess._handle.onexit (internal/child_process.js:226:5)
15 verbose pkgid ASP.NET@1.0.0
16 verbose cwd c:\example
17 error Windows_NT 10.0.14393
18 error argv "C:\\Program Files\\nodejs\\node.exe" "C:\\Users\\Abide Masaraure\\AppData\\Roaming\\npm\\node_modules\\npm\\bin\\npm-cli.js" "start"
19 error node v7.0.0
20 error npm  v3.9.5
21 error code ELIFECYCLE
22 error ASP.NET@1.0.0 start: `http-server -p 8900`
22 error Exit status 1
23 error Failed at the ASP.NET@1.0.0 start script 'http-server -p 8900'.
23 error Make sure you have the latest version of node.js and npm installed.
23 error If you do, this is most likely a problem with the ASP.NET package,
23 error not with npm itself.
23 error Tell the author that this fails on your system:
23 error     http-server -p 8900
23 error You can get information on how to open an issue for this project with:
23 error     npm bugs ASP.NET
23 error Or if that isn't available, you can get their info via:
23 error     npm owner ls ASP.NET
23 error There is likely additional logging output above.
24 verbose exit [ 1, true ]
